2023-01-02 10:35:08.757  INFO 77949 --- [main] c.server.BlogAppServerApplicationTests   : Starting BlogAppServerApplicationTests using Java 1.8.0_351 on Praful.local with PID 77949 (started by prafulchouhan in /Users/prafulchouhan/Desktop/Blog Project/blog-app-server)
2023-01-02 10:35:08.770  INFO 77949 --- [main] c.server.BlogAppServerApplicationTests   : No active profile set, falling back to 1 default profile: "default"
2023-01-02 10:35:09.892  INFO 77949 --- [main] .s.d.r.c.RepositoryConfigurationDelegate : Multiple Spring Data modules found, entering strict repository configuration mode
2023-01-02 10:35:09.894  INFO 77949 --- [main] .s.d.r.c.RepositoryConfigurationDelegate : Bootstrapping Spring Data JPA repositories in DEFAULT mode.
2023-01-02 10:35:10.060  INFO 77949 --- [main] .s.d.r.c.RepositoryConfigurationDelegate : Finished Spring Data repository scanning in 159 ms. Found 5 JPA repository interfaces.
2023-01-02 10:35:10.092  INFO 77949 --- [main] .s.d.r.c.RepositoryConfigurationDelegate : Multiple Spring Data modules found, entering strict repository configuration mode
2023-01-02 10:35:10.093  INFO 77949 --- [main] .s.d.r.c.RepositoryConfigurationDelegate : Bootstrapping Spring Data Redis repositories in DEFAULT mode.
2023-01-02 10:35:10.131  INFO 77949 --- [main] .RepositoryConfigurationExtensionSupport : Spring Data Redis - Could not safely identify store assignment for repository candidate interface com.server.repositories.CategoryRepo; If you want this repository to be a Redis repository, consider annotating your entities with one of these annotations: org.springframework.data.redis.core.RedisHash (preferred), or consider extending one of the following types with your repository: org.springframework.data.keyvalue.repository.KeyValueRepository
2023-01-02 10:35:10.132  INFO 77949 --- [main] .RepositoryConfigurationExtensionSupport : Spring Data Redis - Could not safely identify store assignment for repository candidate interface com.server.repositories.CommentRepo; If you want this repository to be a Redis repository, consider annotating your entities with one of these annotations: org.springframework.data.redis.core.RedisHash (preferred), or consider extending one of the following types with your repository: org.springframework.data.keyvalue.repository.KeyValueRepository
2023-01-02 10:35:10.133  INFO 77949 --- [main] .RepositoryConfigurationExtensionSupport : Spring Data Redis - Could not safely identify store assignment for repository candidate interface com.server.repositories.PostRepo; If you want this repository to be a Redis repository, consider annotating your entities with one of these annotations: org.springframework.data.redis.core.RedisHash (preferred), or consider extending one of the following types with your repository: org.springframework.data.keyvalue.repository.KeyValueRepository
2023-01-02 10:35:10.133  INFO 77949 --- [main] .RepositoryConfigurationExtensionSupport : Spring Data Redis - Could not safely identify store assignment for repository candidate interface com.server.repositories.TagsRepo; If you want this repository to be a Redis repository, consider annotating your entities with one of these annotations: org.springframework.data.redis.core.RedisHash (preferred), or consider extending one of the following types with your repository: org.springframework.data.keyvalue.repository.KeyValueRepository
2023-01-02 10:35:10.134  INFO 77949 --- [main] .RepositoryConfigurationExtensionSupport : Spring Data Redis - Could not safely identify store assignment for repository candidate interface com.server.repositories.UserRepo; If you want this repository to be a Redis repository, consider annotating your entities with one of these annotations: org.springframework.data.redis.core.RedisHash (preferred), or consider extending one of the following types with your repository: org.springframework.data.keyvalue.repository.KeyValueRepository
2023-01-02 10:35:10.135  INFO 77949 --- [main] .s.d.r.c.RepositoryConfigurationDelegate : Finished Spring Data repository scanning in 34 ms. Found 0 Redis repository interfaces.
2023-01-02 10:35:11.663  INFO 77949 --- [main] o.hibernate.jpa.internal.util.LogHelper  : HHH000204: Processing PersistenceUnitInfo [name: default]
2023-01-02 10:35:11.703  INFO 77949 --- [main] org.hibernate.Version                    : HHH000412: Hibernate ORM core version 5.6.14.Final
2023-01-02 10:35:11.828  INFO 77949 --- [main] o.hibernate.annotations.common.Version   : HCANN000001: Hibernate Commons Annotations {5.1.2.Final}
2023-01-02 10:35:11.919  INFO 77949 --- [main] com.zaxxer.hikari.HikariDataSource       : HikariPool-1 - Starting...
2023-01-02 10:35:12.641  INFO 77949 --- [main] com.zaxxer.hikari.HikariDataSource       : HikariPool-1 - Start completed.
2023-01-02 10:35:12.659  INFO 77949 --- [main] org.hibernate.dialect.Dialect            : HHH000400: Using dialect: org.hibernate.dialect.MySQL8Dialect
2023-01-02 10:35:13.894  INFO 77949 --- [main] o.h.e.t.j.p.i.JtaPlatformInitiator       : HHH000490: Using JtaPlatform implementation: [org.hibernate.engine.transaction.jta.platform.internal.NoJtaPlatform]
2023-01-02 10:35:13.908  INFO 77949 --- [main] j.LocalContainerEntityManagerFactoryBean : Initialized JPA EntityManagerFactory for persistence unit 'default'
2023-01-02 10:35:14.217  WARN 77949 --- [main] JpaBaseConfiguration$JpaWebConfiguration : spring.jpa.open-in-view is enabled by default. Therefore, database queries may be performed during view rendering. Explicitly configure spring.jpa.open-in-view to disable this warning
2023-01-02 10:35:15.524 DEBUG 77949 --- [main] edFilterInvocationSecurityMetadataSource : Adding web access control expression [permitAll] for Ant [pattern='/api/auth/login']
2023-01-02 10:35:15.539 DEBUG 77949 --- [main] edFilterInvocationSecurityMetadataSource : Adding web access control expression [authenticated] for any request
2023-01-02 10:35:15.561  INFO 77949 --- [main] o.s.s.web.DefaultSecurityFilterChain     : Will secure any request with [org.springframework.security.web.session.DisableEncodeUrlFilter@4eb73cc8, org.springframework.security.web.context.request.async.WebAsyncManagerIntegrationFilter@6e23ba17, org.springframework.security.web.context.SecurityContextPersistenceFilter@391e5ffa, org.springframework.security.web.header.HeaderWriterFilter@511bfbb0, org.springframework.security.web.authentication.logout.LogoutFilter@22172b00, com.server.util.JwtFilter@2066e897, org.springframework.security.web.savedrequest.RequestCacheAwareFilter@470b5213, org.springframework.security.web.servletapi.SecurityContextHolderAwareRequestFilter@1f6d7e7c, org.springframework.security.web.authentication.AnonymousAuthenticationFilter@47e725af, org.springframework.security.web.session.SessionManagementFilter@2e030cc1, org.springframework.security.web.access.ExceptionTranslationFilter@55f23335, org.springframework.security.web.access.intercept.FilterSecurityInterceptor@687fd6e]
2023-01-02 10:35:16.999  INFO 77949 --- [main] c.server.BlogAppServerApplicationTests   : Started BlogAppServerApplicationTests in 8.77 seconds (JVM running for 9.919)
2023-01-02 10:35:17.307  INFO 77949 --- [SpringApplicationShutdownHook] j.LocalContainerEntityManagerFactoryBean : Closing JPA EntityManagerFactory for persistence unit 'default'
2023-01-02 10:35:17.317  INFO 77949 --- [SpringApplicationShutdownHook] com.zaxxer.hikari.HikariDataSource       : HikariPool-1 - Shutdown initiated...
2023-01-02 10:35:17.350  INFO 77949 --- [SpringApplicationShutdownHook] com.zaxxer.hikari.HikariDataSource       : HikariPool-1 - Shutdown completed.
2023-01-02 10:36:10.876  INFO 78024 --- [main] c.server.BlogAppServerApplicationTests   : Starting BlogAppServerApplicationTests using Java 1.8.0_351 on Praful.local with PID 78024 (started by prafulchouhan in /Users/prafulchouhan/Desktop/Blog Project/blog-app-server)
2023-01-02 10:36:10.880  INFO 78024 --- [main] c.server.BlogAppServerApplicationTests   : No active profile set, falling back to 1 default profile: "default"
2023-01-02 10:36:11.995  INFO 78024 --- [main] .s.d.r.c.RepositoryConfigurationDelegate : Multiple Spring Data modules found, entering strict repository configuration mode
2023-01-02 10:36:11.997  INFO 78024 --- [main] .s.d.r.c.RepositoryConfigurationDelegate : Bootstrapping Spring Data JPA repositories in DEFAULT mode.
2023-01-02 10:36:12.171  INFO 78024 --- [main] .s.d.r.c.RepositoryConfigurationDelegate : Finished Spring Data repository scanning in 165 ms. Found 5 JPA repository interfaces.
2023-01-02 10:36:12.258  INFO 78024 --- [main] .s.d.r.c.RepositoryConfigurationDelegate : Multiple Spring Data modules found, entering strict repository configuration mode
2023-01-02 10:36:12.262  INFO 78024 --- [main] .s.d.r.c.RepositoryConfigurationDelegate : Bootstrapping Spring Data Redis repositories in DEFAULT mode.
2023-01-02 10:36:12.361  INFO 78024 --- [main] .RepositoryConfigurationExtensionSupport : Spring Data Redis - Could not safely identify store assignment for repository candidate interface com.server.repositories.CategoryRepo; If you want this repository to be a Redis repository, consider annotating your entities with one of these annotations: org.springframework.data.redis.core.RedisHash (preferred), or consider extending one of the following types with your repository: org.springframework.data.keyvalue.repository.KeyValueRepository
2023-01-02 10:36:12.362  INFO 78024 --- [main] .RepositoryConfigurationExtensionSupport : Spring Data Redis - Could not safely identify store assignment for repository candidate interface com.server.repositories.CommentRepo; If you want this repository to be a Redis repository, consider annotating your entities with one of these annotations: org.springframework.data.redis.core.RedisHash (preferred), or consider extending one of the following types with your repository: org.springframework.data.keyvalue.repository.KeyValueRepository
2023-01-02 10:36:12.363  INFO 78024 --- [main] .RepositoryConfigurationExtensionSupport : Spring Data Redis - Could not safely identify store assignment for repository candidate interface com.server.repositories.PostRepo; If you want this repository to be a Redis repository, consider annotating your entities with one of these annotations: org.springframework.data.redis.core.RedisHash (preferred), or consider extending one of the following types with your repository: org.springframework.data.keyvalue.repository.KeyValueRepository
2023-01-02 10:36:12.364  INFO 78024 --- [main] .RepositoryConfigurationExtensionSupport : Spring Data Redis - Could not safely identify store assignment for repository candidate interface com.server.repositories.TagsRepo; If you want this repository to be a Redis repository, consider annotating your entities with one of these annotations: org.springframework.data.redis.core.RedisHash (preferred), or consider extending one of the following types with your repository: org.springframework.data.keyvalue.repository.KeyValueRepository
2023-01-02 10:36:12.366  INFO 78024 --- [main] .RepositoryConfigurationExtensionSupport : Spring Data Redis - Could not safely identify store assignment for repository candidate interface com.server.repositories.UserRepo; If you want this repository to be a Redis repository, consider annotating your entities with one of these annotations: org.springframework.data.redis.core.RedisHash (preferred), or consider extending one of the following types with your repository: org.springframework.data.keyvalue.repository.KeyValueRepository
2023-01-02 10:36:12.367  INFO 78024 --- [main] .s.d.r.c.RepositoryConfigurationDelegate : Finished Spring Data repository scanning in 85 ms. Found 0 Redis repository interfaces.
2023-01-02 10:36:14.279  INFO 78024 --- [main] o.hibernate.jpa.internal.util.LogHelper  : HHH000204: Processing PersistenceUnitInfo [name: default]
2023-01-02 10:36:14.320  INFO 78024 --- [main] org.hibernate.Version                    : HHH000412: Hibernate ORM core version 5.6.14.Final
2023-01-02 10:36:14.496  INFO 78024 --- [main] o.hibernate.annotations.common.Version   : HCANN000001: Hibernate Commons Annotations {5.1.2.Final}
2023-01-02 10:36:14.629  INFO 78024 --- [main] com.zaxxer.hikari.HikariDataSource       : HikariPool-1 - Starting...
2023-01-02 10:36:15.240  INFO 78024 --- [main] com.zaxxer.hikari.HikariDataSource       : HikariPool-1 - Start completed.
2023-01-02 10:36:15.259  INFO 78024 --- [main] org.hibernate.dialect.Dialect            : HHH000400: Using dialect: org.hibernate.dialect.MySQL8Dialect
2023-01-02 10:36:16.394  INFO 78024 --- [main] o.h.e.t.j.p.i.JtaPlatformInitiator       : HHH000490: Using JtaPlatform implementation: [org.hibernate.engine.transaction.jta.platform.internal.NoJtaPlatform]
2023-01-02 10:36:16.417  INFO 78024 --- [main] j.LocalContainerEntityManagerFactoryBean : Initialized JPA EntityManagerFactory for persistence unit 'default'
2023-01-02 10:36:16.695  WARN 78024 --- [main] JpaBaseConfiguration$JpaWebConfiguration : spring.jpa.open-in-view is enabled by default. Therefore, database queries may be performed during view rendering. Explicitly configure spring.jpa.open-in-view to disable this warning
2023-01-02 10:36:18.168 DEBUG 78024 --- [main] edFilterInvocationSecurityMetadataSource : Adding web access control expression [permitAll] for Ant [pattern='/api/auth/login']
2023-01-02 10:36:18.185 DEBUG 78024 --- [main] edFilterInvocationSecurityMetadataSource : Adding web access control expression [authenticated] for any request
2023-01-02 10:36:18.199  INFO 78024 --- [main] o.s.s.web.DefaultSecurityFilterChain     : Will secure any request with [org.springframework.security.web.session.DisableEncodeUrlFilter@a93c798, org.springframework.security.web.context.request.async.WebAsyncManagerIntegrationFilter@20a9fb01, org.springframework.security.web.context.SecurityContextPersistenceFilter@79ee779c, org.springframework.security.web.header.HeaderWriterFilter@12f3fcd, org.springframework.security.web.authentication.logout.LogoutFilter@76e2a621, com.server.util.JwtFilter@3636f2a7, org.springframework.security.web.savedrequest.RequestCacheAwareFilter@27a6384b, org.springframework.security.web.servletapi.SecurityContextHolderAwareRequestFilter@733bd6f3, org.springframework.security.web.authentication.AnonymousAuthenticationFilter@19fc0ef7, org.springframework.security.web.session.SessionManagementFilter@61c145cb, org.springframework.security.web.access.ExceptionTranslationFilter@6d92e327, org.springframework.security.web.access.intercept.FilterSecurityInterceptor@1ab21633]
2023-01-02 10:36:19.790  INFO 78024 --- [main] c.server.BlogAppServerApplicationTests   : Started BlogAppServerApplicationTests in 9.658 seconds (JVM running for 10.883)
2023-01-02 10:36:20.076  INFO 78024 --- [SpringApplicationShutdownHook] j.LocalContainerEntityManagerFactoryBean : Closing JPA EntityManagerFactory for persistence unit 'default'
2023-01-02 10:36:20.084  INFO 78024 --- [SpringApplicationShutdownHook] com.zaxxer.hikari.HikariDataSource       : HikariPool-1 - Shutdown initiated...
2023-01-02 10:36:20.117  INFO 78024 --- [SpringApplicationShutdownHook] com.zaxxer.hikari.HikariDataSource       : HikariPool-1 - Shutdown completed.
